<?xml version="1.0" encoding="UTF-8"?>
<!-- Generated by org.testng.reporters.JUnitReportReporter -->
<testsuite hostname="tardigrade" failures="0" tests="1" name="GaadiBazzar.SearchByBudget" time="8.299" errors="0" timestamp="2022-06-01T09:26:51 IST" skipped="0">
  <testcase classname="GaadiBazzar.SearchByBudget" name="searchGaadiBybudget" time="8.299"/>
  <system-out/>
</testsuite> <!-- GaadiBazzar.SearchByBudget -->
